# JRE version: OpenJDK Runtime Environment (11.0.11+9) (build 11.0.11+9-b60-7590822)
# Java VM: OpenJDK 64-Bit Server VM (11.0.11+9-b60-7590822, mixed mode, tiered, compressed oops, g1 gc, windows-amd64)
Heap:
 garbage-first heap   total 318464K, used 217088K [0x0000000080000000, 0x0000000100000000)
  region size 1024K, 45 young (46080K), 9 survivors (9216K)
 Metaspace       used 131582K, capacity 135655K, committed 135924K, reserved 1167360K
  class space    used 16656K, capacity 18178K, committed 18304K, reserved 1048576K
GC Heap History (20 events):
Event: 257.440 GC heap before
{Heap before GC invocations=90 (full 0):
 garbage-first heap   total 196608K, used 175923K [0x0000000080000000, 0x0000000100000000)
  region size 1024K, 15 young (15360K), 3 survivors (3072K)
 Metaspace       used 112087K, capacity 115482K, committed 115700K, reserved 1148928K
  class space    used 14201K, capacity 15467K, committed 15488K, reserved 1048576K
}
Event: 257.446 GC heap after
{Heap after GC invocations=91 (full 0):
 garbage-first heap   total 196608K, used 153473K [0x0000000080000000, 0x0000000100000000)
  region size 1024K, 2 young (2048K), 2 survivors (2048K)
 Metaspace       used 112087K, capacity 115482K, committed 115700K, reserved 1148928K
  class space    used 14201K, capacity 15467K, committed 15488K, reserved 1048576K
}
Event: 257.669 GC heap before
{Heap before GC invocations=92 (full 0):
 garbage-first heap   total 196608K, used 165761K [0x0000000080000000, 0x0000000100000000)
  region size 1024K, 15 young (15360K), 2 survivors (2048K)
 Metaspace       used 113154K, capacity 116601K, committed 116852K, reserved 1150976K
  class space    used 14273K, capacity 15532K, committed 15616K, reserved 1048576K
}
Event: 257.674 GC heap after
{Heap after GC invocations=93 (full 0):
 garbage-first heap   total 196608K, used 155258K [0x0000000080000000, 0x0000000100000000)
  region size 1024K, 2 young (2048K), 2 survivors (2048K)
 Metaspace       used 113154K, capacity 116601K, committed 116852K, reserved 1150976K
  class space    used 14273K, capacity 15532K, committed 15616K, reserved 1048576K
}
Event: 257.798 GC heap before
{Heap before GC invocations=93 (full 0):
 garbage-first heap   total 196608K, used 162426K [0x0000000080000000, 0x0000000100000000)
  region size 1024K, 9 young (9216K), 2 survivors (2048K)
 Metaspace       used 114066K, capacity 117497K, committed 117620K, reserved 1150976K
  class space    used 14346K, capacity 15596K, committed 15616K, reserved 1048576K
}
Event: 257.808 GC heap after
{Heap after GC invocations=94 (full 0):
 garbage-first heap   total 243712K, used 155167K [0x0000000080000000, 0x0000000100000000)
  region size 1024K, 1 young (1024K), 1 survivors (1024K)
 Metaspace       used 114066K, capacity 117497K, committed 117620K, reserved 1150976K
  class space    used 14346K, capacity 15596K, committed 15616K, reserved 1048576K
}
Event: 258.143 GC heap before
{Heap before GC invocations=94 (full 0):
 garbage-first heap   total 243712K, used 184863K [0x0000000080000000, 0x0000000100000000)
  region size 1024K, 30 young (30720K), 1 survivors (1024K)
 Metaspace       used 115471K, capacity 118891K, committed 119028K, reserved 1153024K
  class space    used 14450K, capacity 15696K, committed 15744K, reserved 1048576K
}
Event: 258.150 GC heap after
{Heap after GC invocations=95 (full 0):
 garbage-first heap   total 243712K, used 158364K [0x0000000080000000, 0x0000000100000000)
  region size 1024K, 4 young (4096K), 4 survivors (4096K)
 Metaspace       used 115471K, capacity 118891K, committed 119028K, reserved 1153024K
  class space    used 14450K, capacity 15696K, committed 15744K, reserved 1048576K
}
Event: 258.334 GC heap before
{Heap before GC invocations=95 (full 0):
 garbage-first heap   total 243712K, used 189084K [0x0000000080000000, 0x0000000100000000)
  region size 1024K, 34 young (34816K), 4 survivors (4096K)
 Metaspace       used 115855K, capacity 119243K, committed 119284K, reserved 1153024K
  class space    used 14476K, capacity 15728K, committed 15744K, reserved 1048576K
}
Event: 258.341 GC heap after
{Heap after GC invocations=96 (full 0):
 garbage-first heap   total 243712K, used 161426K [0x0000000080000000, 0x0000000100000000)
  region size 1024K, 4 young (4096K), 4 survivors (4096K)
 Metaspace       used 115855K, capacity 119243K, committed 119284K, reserved 1153024K
  class space    used 14476K, capacity 15728K, committed 15744K, reserved 1048576K
}
Event: 258.690 GC heap before
{Heap before GC invocations=96 (full 0):
 garbage-first heap   total 243712K, used 191122K [0x0000000080000000, 0x0000000100000000)
  region size 1024K, 34 young (34816K), 4 survivors (4096K)
 Metaspace       used 116114K, capacity 119535K, committed 119796K, reserved 1153024K
  class space    used 14487K, capacity 15734K, committed 15744K, reserved 1048576K
}
Event: 258.696 GC heap after
{Heap after GC invocations=97 (full 0):
 garbage-first heap   total 243712K, used 163913K [0x0000000080000000, 0x0000000100000000)
  region size 1024K, 3 young (3072K), 3 survivors (3072K)
 Metaspace       used 116114K, capacity 119535K, committed 119796K, reserved 1153024K
  class space    used 14487K, capacity 15734K, committed 15744K, reserved 1048576K
}
Event: 258.964 GC heap before
{Heap before GC invocations=97 (full 0):
 garbage-first heap   total 243712K, used 194633K [0x0000000080000000, 0x0000000100000000)
  region size 1024K, 34 young (34816K), 3 survivors (3072K)
 Metaspace       used 117469K, capacity 120821K, committed 121076K, reserved 1155072K
  class space    used 14673K, capacity 15900K, committed 16000K, reserved 1048576K
}
Event: 258.975 GC heap after
{Heap after GC invocations=98 (full 0):
 garbage-first heap   total 318464K, used 165174K [0x0000000080000000, 0x0000000100000000)
  region size 1024K, 2 young (2048K), 2 survivors (2048K)
 Metaspace       used 117469K, capacity 120821K, committed 121076K, reserved 1155072K
  class space    used 14673K, capacity 15900K, committed 16000K, reserved 1048576K
}
Event: 263.351 GC heap before
{Heap before GC invocations=98 (full 0):
 garbage-first heap   total 318464K, used 222518K [0x0000000080000000, 0x0000000100000000)
  region size 1024K, 59 young (60416K), 2 survivors (2048K)
 Metaspace       used 120042K, capacity 123483K, committed 123636K, reserved 1157120K
  class space    used 14964K, capacity 16235K, committed 16256K, reserved 1048576K
}
Event: 263.370 GC heap after
{Heap after GC invocations=99 (full 0):
 garbage-first heap   total 318464K, used 171093K [0x0000000080000000, 0x0000000100000000)
  region size 1024K, 8 young (8192K), 8 survivors (8192K)
 Metaspace       used 120042K, capacity 123483K, committed 123636K, reserved 1157120K
  class space    used 14964K, capacity 16235K, committed 16256K, reserved 1048576K
}
Event: 264.748 GC heap before
{Heap before GC invocations=99 (full 0):
 garbage-first heap   total 318464K, used 232533K [0x0000000080000000, 0x0000000100000000)
  region size 1024K, 67 young (68608K), 8 survivors (8192K)
 Metaspace       used 122236K, capacity 125823K, committed 126068K, reserved 1159168K
  class space    used 15250K, capacity 16559K, committed 16640K, reserved 1048576K
}
Event: 264.761 GC heap after
{Heap after GC invocations=100 (full 0):
 garbage-first heap   total 318464K, used 173580K [0x0000000080000000, 0x0000000100000000)
  region size 1024K, 5 young (5120K), 5 survivors (5120K)
 Metaspace       used 122236K, capacity 125823K, committed 126068K, reserved 1159168K
  class space    used 15250K, capacity 16559K, committed 16640K, reserved 1048576K
}
Event: 266.273 GC heap before
{Heap before GC invocations=100 (full 0):
 garbage-first heap   total 318464K, used 236044K [0x0000000080000000, 0x0000000100000000)
  region size 1024K, 67 young (68608K), 5 survivors (5120K)
 Metaspace       used 128818K, capacity 132789K, committed 132980K, reserved 1165312K
  class space    used 16178K, capacity 17640K, committed 17664K, reserved 1048576K
}
Event: 266.289 GC heap after
{Heap after GC invocations=101 (full 0):
 garbage-first heap   total 318464K, used 180224K [0x0000000080000000, 0x0000000100000000)
  region size 1024K, 9 young (9216K), 9 survivors (9216K)
 Metaspace       used 128818K, capacity 132789K, committed 132980K, reserved 1165312K
  class space    used 16178K, capacity 17640K, committed 17664K, reserved 1048576K
}

